{"/Users/adilkhankenzhetaev/Desktop/personalDev/boilerplate/jest.setup.js": {"path":"/Users/adilkhankenzhetaev/Desktop/personalDev/boilerplate/jest.setup.js","statementMap":{"0":{"start":{"line":1,"column":15},"end":{"line":1,"column":32}},"1":{"start":{"line":2,"column":16},"end":{"line":2,"column":50}},"2":{"start":{"line":4,"column":0},"end":{"line":4,"column":44}}},"fnMap":{},"branchMap":{},"s":{"0":2,"1":2,"2":2},"f":{},"b":{},"_coverageSchema":"332fd63041d2c1bcb487cc26dd0d5f7d97098a6c","hash":"62a483263322bb794e7aea277b04b06ccc19dc19"}
,"/Users/adilkhankenzhetaev/Desktop/personalDev/boilerplate/app/components/cars/Detail.tsx": {"path":"/Users/adilkhankenzhetaev/Desktop/personalDev/boilerplate/app/components/cars/Detail.tsx","statementMap":{"0":{"start":{"line":9,"column":39},"end":{"line":23,"column":1}},"1":{"start":{"line":10,"column":2},"end":{"line":22,"column":4}},"2":{"start":{"line":20,"column":43},"end":{"line":20,"column":67}}},"fnMap":{"0":{"name":"(anonymous_0)","decl":{"start":{"line":9,"column":39},"end":{"line":9,"column":40}},"loc":{"start":{"line":9,"column":65},"end":{"line":23,"column":1}},"line":9},"1":{"name":"(anonymous_1)","decl":{"start":{"line":20,"column":13},"end":{"line":20,"column":14}},"loc":{"start":{"line":20,"column":43},"end":{"line":20,"column":67}},"line":20}},"branchMap":{"0":{"loc":{"start":{"line":18,"column":11},"end":{"line":20,"column":68}},"type":"binary-expr","locations":[{"start":{"line":18,"column":11},"end":{"line":18,"column":24}},{"start":{"line":18,"column":28},"end":{"line":20,"column":68}}],"line":18}},"s":{"0":1,"1":3,"2":9},"f":{"0":3,"1":9},"b":{"0":[3,3]},"_coverageSchema":"332fd63041d2c1bcb487cc26dd0d5f7d97098a6c","hash":"17671351383486a895f824f4331ab2f2c8a066e2"}
,"/Users/adilkhankenzhetaev/Desktop/personalDev/boilerplate/app/components/cars/Overview.tsx": {"path":"/Users/adilkhankenzhetaev/Desktop/personalDev/boilerplate/app/components/cars/Overview.tsx","statementMap":{"0":{"start":{"line":16,"column":4},"end":{"line":16,"column":17}},"1":{"start":{"line":18,"column":4},"end":{"line":20,"column":5}},"2":{"start":{"line":24,"column":4},"end":{"line":24,"column":40}},"3":{"start":{"line":28,"column":4},"end":{"line":32,"column":5}},"4":{"start":{"line":29,"column":6},"end":{"line":31,"column":8}},"5":{"start":{"line":34,"column":4},"end":{"line":36,"column":6}},"6":{"start":{"line":35,"column":64},"end":{"line":35,"column":149}},"7":{"start":{"line":35,"column":95},"end":{"line":35,"column":120}},"8":{"start":{"line":40,"column":4},"end":{"line":42,"column":5}},"9":{"start":{"line":41,"column":6},"end":{"line":41,"column":18}},"10":{"start":{"line":44,"column":4},"end":{"line":49,"column":6}},"11":{"start":{"line":53,"column":4},"end":{"line":63,"column":6}}},"fnMap":{"0":{"name":"(anonymous_0)","decl":{"start":{"line":15,"column":2},"end":{"line":15,"column":3}},"loc":{"start":{"line":15,"column":40},"end":{"line":21,"column":3}},"line":15},"1":{"name":"(anonymous_1)","decl":{"start":{"line":23,"column":20},"end":{"line":23,"column":21}},"loc":{"start":{"line":23,"column":42},"end":{"line":25,"column":3}},"line":23},"2":{"name":"(anonymous_2)","decl":{"start":{"line":27,"column":19},"end":{"line":27,"column":20}},"loc":{"start":{"line":27,"column":53},"end":{"line":37,"column":3}},"line":27},"3":{"name":"(anonymous_3)","decl":{"start":{"line":35,"column":20},"end":{"line":35,"column":21}},"loc":{"start":{"line":35,"column":64},"end":{"line":35,"column":149}},"line":35},"4":{"name":"(anonymous_4)","decl":{"start":{"line":35,"column":89},"end":{"line":35,"column":90}},"loc":{"start":{"line":35,"column":95},"end":{"line":35,"column":120}},"line":35},"5":{"name":"(anonymous_5)","decl":{"start":{"line":39,"column":18},"end":{"line":39,"column":19}},"loc":{"start":{"line":39,"column":47},"end":{"line":50,"column":3}},"line":39},"6":{"name":"(anonymous_6)","decl":{"start":{"line":52,"column":2},"end":{"line":52,"column":3}},"loc":{"start":{"line":52,"column":11},"end":{"line":64,"column":3}},"line":52}},"branchMap":{"0":{"loc":{"start":{"line":28,"column":4},"end":{"line":32,"column":5}},"type":"if","locations":[{"start":{"line":28,"column":4},"end":{"line":32,"column":5}},{"start":{"line":28,"column":4},"end":{"line":32,"column":5}}],"line":28},"1":{"loc":{"start":{"line":28,"column":8},"end":{"line":28,"column":34}},"type":"binary-expr","locations":[{"start":{"line":28,"column":8},"end":{"line":28,"column":13}},{"start":{"line":28,"column":17},"end":{"line":28,"column":34}}],"line":28},"2":{"loc":{"start":{"line":40,"column":4},"end":{"line":42,"column":5}},"type":"if","locations":[{"start":{"line":40,"column":4},"end":{"line":42,"column":5}},{"start":{"line":40,"column":4},"end":{"line":42,"column":5}}],"line":40}},"s":{"0":5,"1":5,"2":1,"3":6,"4":2,"5":4,"6":12,"7":1,"8":6,"9":5,"10":1,"11":6},"f":{"0":5,"1":1,"2":6,"3":12,"4":1,"5":6,"6":6},"b":{"0":[2,4],"1":[6,6],"2":[5,1]},"_coverageSchema":"332fd63041d2c1bcb487cc26dd0d5f7d97098a6c","hash":"995bf47891075563ee3c021a2eda44bdf39f121d"}
}
