TN:
SF:/Users/adilkhankenzhetaev/Desktop/personalDev/boilerplate/jest.setup.js
FNF:0
FNH:0
DA:1,2
DA:2,2
DA:4,2
LF:3
LH:3
BRF:0
BRH:0
end_of_record
TN:
SF:/Users/adilkhankenzhetaev/Desktop/personalDev/boilerplate/app/components/cars/Detail.tsx
FN:9,(anonymous_0)
FN:20,(anonymous_1)
FNF:2
FNH:2
FNDA:3,(anonymous_0)
FNDA:9,(anonymous_1)
DA:9,1
DA:10,3
DA:20,9
LF:3
LH:3
BRDA:18,0,0,3
BRDA:18,0,1,3
BRF:2
BRH:2
end_of_record
TN:
SF:/Users/adilkhankenzhetaev/Desktop/personalDev/boilerplate/app/components/cars/Overview.tsx
FN:15,(anonymous_0)
FN:23,(anonymous_1)
FN:27,(anonymous_2)
FN:35,(anonymous_3)
FN:35,(anonymous_4)
FN:39,(anonymous_5)
FN:52,(anonymous_6)
FNF:7
FNH:7
FNDA:5,(anonymous_0)
FNDA:1,(anonymous_1)
FNDA:6,(anonymous_2)
FNDA:12,(anonymous_3)
FNDA:1,(anonymous_4)
FNDA:6,(anonymous_5)
FNDA:6,(anonymous_6)
DA:16,5
DA:18,5
DA:24,1
DA:28,6
DA:29,2
DA:34,4
DA:35,12
DA:40,6
DA:41,5
DA:44,1
DA:53,6
LF:11
LH:11
BRDA:28,0,0,2
BRDA:28,0,1,4
BRDA:28,1,0,6
BRDA:28,1,1,6
BRDA:40,2,0,5
BRDA:40,2,1,1
BRF:6
BRH:6
end_of_record
